<?xml version="1.0" encoding="UTF-8"?>
<!-- Generated by org.testng.reporters.JUnitReportReporter -->
<testsuite hostname="DESKTOP-QC3MHCF" failures="0" tests="2" name="ParsingJSONResponseData.ParsingJSONResponseData" time="5.275" errors="0" timestamp="2024-03-13T04:42:04 BDT" skipped="0">
  <testcase classname="ParsingJSONResponseData.ParsingJSONResponseData" name="testJsonResponse" time="5.163"/>
  <system-out/>
  <testcase classname="ParsingJSONResponseData.ParsingJSONResponseData" name="testJsonResponseAssert" time="0.112"/>
  <system-out/>
</testsuite> <!-- ParsingJSONResponseData.ParsingJSONResponseData -->
