<?xml version="1.0" encoding="UTF-8"?>
<!-- Generated by org.testng.reporters.JUnitReportReporter -->
<testsuite hostname="DESKTOP-QC3MHCF" failures="0" tests="2" name="WaysToCreatePostRequestBody.WaysToCreatePostRequestBody" time="4.942" errors="0" timestamp="2024-02-22T22:33:27 BDT" skipped="0">
  <testcase classname="WaysToCreatePostRequestBody.WaysToCreatePostRequestBody" name="testPostRequestUsingJsonLibrary" time="4.848"/>
  <system-out/>
  <testcase classname="WaysToCreatePostRequestBody.WaysToCreatePostRequestBody" name="testDelete" time="0.094"/>
  <system-out/>
</testsuite> <!-- WaysToCreatePostRequestBody.WaysToCreatePostRequestBody -->
