<?xml version="1.0" encoding="UTF-8"?>
<!-- Generated by org.testng.reporters.JUnitReportReporter -->
<testsuite hostname="DESKTOP-QC3MHCF" failures="0" tests="5" name="ParsingJSONResponseData.ParsingJSONResponseData" time="4.998" errors="0" timestamp="2024-03-18T16:32:53 BDT" skipped="0">
  <testcase classname="ParsingJSONResponseData.ParsingJSONResponseData" name="testJsonResponse" time="4.752"/>
  <system-out/>
  <testcase classname="ParsingJSONResponseData.ParsingJSONResponseData" name="testJsonResponseBodyData" time="0.093"/>
  <system-out/>
  <testcase classname="ParsingJSONResponseData.ParsingJSONResponseData" name="testResponseBodyDataJsonObject" time="0.047"/>
  <system-out/>
  <testcase classname="ParsingJSONResponseData.ParsingJSONResponseData" name="testTitleAvailability" time="0.049"/>
  <system-out/>
  <testcase classname="ParsingJSONResponseData.ParsingJSONResponseData" name="testTotalBookPrice" time="0.057"/>
  <system-out/>
</testsuite> <!-- ParsingJSONResponseData.ParsingJSONResponseData -->
