<?xml version="1.0" encoding="UTF-8"?>
<!-- Generated by org.testng.reporters.JUnitReportReporter -->
<testsuite hostname="DESKTOP-QC3MHCF" failures="0" tests="1" name="ParsingXMLResponse.ParsingXMLResponse" time="4.426" errors="0" timestamp="2024-03-15T21:50:42 BDT" skipped="0">
  <testcase classname="ParsingXMLResponse.ParsingXMLResponse" name="testXMLResponseBody" time="4.426"/>
  <system-out/>
</testsuite> <!-- ParsingXMLResponse.ParsingXMLResponse -->
