<?xml version="1.0" encoding="UTF-8"?>
<!-- Generated by org.testng.reporters.JUnitReportReporter -->
<testsuite hostname="DESKTOP-QC3MHCF" failures="0" tests="3" name="ParsingXMLResponse.ParsingXMLResponse" time="7.336" errors="0" timestamp="2024-03-13T18:12:22 BDT" skipped="0">
  <testcase classname="ParsingXMLResponse.ParsingXMLResponse" name="testXMLResponse" time="4.810"/>
  <system-out/>
  <testcase classname="ParsingXMLResponse.ParsingXMLResponse" name="testXMLResponseAssert" time="1.916"/>
  <system-out/>
  <testcase classname="ParsingXMLResponse.ParsingXMLResponse" name="testXMLResponseDataValidation" time="0.610"/>
  <system-out/>
</testsuite> <!-- ParsingXMLResponse.ParsingXMLResponse -->
