<?xml version="1.0" encoding="UTF-8"?>
<!-- Generated by org.testng.reporters.JUnitReportReporter -->
<testsuite hostname="DESKTOP-QC3MHCF" failures="0" tests="4" name="HTTPRequests.HTTPRequests" time="7.782" errors="0" timestamp="2024-02-20T21:59:18 BDT" skipped="0">
  <testcase classname="HTTPRequests.HTTPRequests" name="getUsers" time="5.574"/>
  <system-out/>
  <testcase classname="HTTPRequests.HTTPRequests" name="createUser" time="1.297"/>
  <system-out/>
  <testcase classname="HTTPRequests.HTTPRequests" name="updateUser" time="0.439"/>
  <system-out/>
  <testcase classname="HTTPRequests.HTTPRequests" name="deleteUser" time="0.472"/>
  <system-out/>
</testsuite> <!-- HTTPRequests.HTTPRequests -->
