<?xml version="1.0" encoding="UTF-8"?>
<!-- Generated by org.testng.reporters.JUnitReportReporter -->
<testsuite hostname="DESKTOP-QC3MHCF" failures="0" tests="1" name="FileUploadAndDownload.FileUploadAndDownload" time="5.879" errors="0" timestamp="2024-03-15T23:02:56 BDT" skipped="0">
  <testcase classname="FileUploadAndDownload.FileUploadAndDownload" name="SingleFileUpload" time="5.879"/>
  <system-out/>
</testsuite> <!-- FileUploadAndDownload.FileUploadAndDownload -->
