<?xml version="1.0" encoding="UTF-8"?>
<!-- Generated by org.testng.reporters.JUnitReportReporter -->
<testsuite hostname="DESKTOP-QC3MHCF" failures="0" tests="1" name="Headers.Headers" time="4.296" errors="0" timestamp="2024-02-28T15:05:52 BDT" skipped="0">
  <testcase classname="Headers.Headers" name="testHeaders" time="4.296"/>
  <system-out/>
</testsuite> <!-- Headers.Headers -->
