<?xml version="1.0" encoding="UTF-8"?>
<!-- Generated by org.testng.reporters.JUnitReportReporter -->
<testsuite hostname="DESKTOP-QC3MHCF" failures="0" tests="4" name="ParsingJSONResponseData.ParsingJSONResponseData" time="5.411" errors="0" timestamp="2024-03-13T05:28:27 BDT" skipped="0">
  <testcase classname="ParsingJSONResponseData.ParsingJSONResponseData" name="testJsonResponse" time="5.193"/>
  <system-out/>
  <testcase classname="ParsingJSONResponseData.ParsingJSONResponseData" name="testJsonResponseBodyData" time="0.122"/>
  <system-out/>
  <testcase classname="ParsingJSONResponseData.ParsingJSONResponseData" name="testResponseBodyDataJsonObject" time="0.049"/>
  <system-out/>
  <testcase classname="ParsingJSONResponseData.ParsingJSONResponseData" name="testTitleAvailability" time="0.047"/>
  <system-out/>
</testsuite> <!-- ParsingJSONResponseData.ParsingJSONResponseData -->
