<?xml version="1.0" encoding="UTF-8"?>
<!-- Generated by org.testng.reporters.JUnitReportReporter -->
<testsuite hostname="DESKTOP-QC3MHCF" failures="0" tests="2" name="ParsingXMLResponse.ParsingXMLResponse" time="6.029" errors="0" timestamp="2024-03-13T18:01:50 BDT" skipped="0">
  <testcase classname="ParsingXMLResponse.ParsingXMLResponse" name="testXMLResponse" time="5.539"/>
  <system-out/>
  <testcase classname="ParsingXMLResponse.ParsingXMLResponse" name="testXMLResponseAssert" time="0.490"/>
  <system-out/>
</testsuite> <!-- ParsingXMLResponse.ParsingXMLResponse -->
