<?xml version="1.0" encoding="UTF-8"?>
<!-- Generated by org.testng.reporters.JUnitReportReporter -->
<testsuite hostname="DESKTOP-QC3MHCF" failures="0" tests="2" name="WaysToCreatePostRequestBody.WaysToCreatePostRequestBody" time="4.159" errors="0" timestamp="2024-02-23T16:02:24 BDT" skipped="0">
  <testcase classname="WaysToCreatePostRequestBody.WaysToCreatePostRequestBody" name="testPostRequestUsingExternalJSONFile" time="4.069"/>
  <system-out/>
  <testcase classname="WaysToCreatePostRequestBody.WaysToCreatePostRequestBody" name="testDelete" time="0.090"/>
  <system-out/>
</testsuite> <!-- WaysToCreatePostRequestBody.WaysToCreatePostRequestBody -->
