<?xml version="1.0" encoding="UTF-8"?>
<!-- Generated by org.testng.reporters.JUnitReportReporter -->
<testsuite hostname="DESKTOP-QC3MHCF" failures="0" tests="2" name="WaysToCreatePostRequestBody.WaysToCreatePostRequestBody" time="5.974" errors="0" timestamp="2024-02-22T16:25:13 BDT" skipped="0">
  <testcase classname="WaysToCreatePostRequestBody.WaysToCreatePostRequestBody" name="testPostRequestUsingHashMap" time="5.932"/>
  <system-out/>
  <testcase classname="WaysToCreatePostRequestBody.WaysToCreatePostRequestBody" name="testDelete" time="0.042"/>
  <system-out/>
</testsuite> <!-- WaysToCreatePostRequestBody.WaysToCreatePostRequestBody -->
