<?xml version="1.0" encoding="UTF-8"?>
<!-- Generated by org.testng.reporters.JUnitReportReporter -->
<testsuite hostname="DESKTOP-QC3MHCF" failures="0" tests="3" name="HTTPRequests.HTTPRequests" time="9.441" errors="0" timestamp="2024-02-20T21:54:37 BDT" skipped="0">
  <testcase classname="HTTPRequests.HTTPRequests" name="getUsers" time="6.514"/>
  <system-out/>
  <testcase classname="HTTPRequests.HTTPRequests" name="createUser" time="2.226"/>
  <system-out/>
  <testcase classname="HTTPRequests.HTTPRequests" name="updateUser" time="0.701"/>
  <system-out/>
</testsuite> <!-- HTTPRequests.HTTPRequests -->
