<?xml version="1.0" encoding="UTF-8"?>
<!-- Generated by org.testng.reporters.JUnitReportReporter -->
<testsuite hostname="DESKTOP-QC3MHCF" failures="0" tests="1" name="PathAndQueryParameters.PathAndQueryParameters" time="4.290" errors="0" timestamp="2024-02-24T07:04:55 BDT" skipped="0">
  <testcase classname="PathAndQueryParameters.PathAndQueryParameters" name="testPathAndQueryParameters" time="4.290"/>
  <system-out/>
</testsuite> <!-- PathAndQueryParameters.PathAndQueryParameters -->
