<?xml version="1.0" encoding="UTF-8"?>
<!-- Generated by org.testng.reporters.JUnitReportReporter -->
<testsuite hostname="DESKTOP-QC3MHCF" failures="0" tests="2" name="Cookies.Cookies" time="4.083" errors="0" timestamp="2024-02-26T22:18:38 BDT" skipped="0">
  <testcase classname="Cookies.Cookies" name="testCookie" time="3.802"/>
  <system-out/>
  <testcase classname="Cookies.Cookies" name="getCookiesInfo" time="0.281"/>
  <system-out/>
</testsuite> <!-- Cookies.Cookies -->
