<?xml version="1.0" encoding="UTF-8"?>
<!-- Generated by org.testng.reporters.JUnitReportReporter -->
<testsuite hostname="DESKTOP-QC3MHCF" failures="0" tests="4" name="ParsingXMLResponse.ParsingXMLResponse" time="7.064" errors="0" timestamp="2024-03-14T20:26:15 BDT" skipped="0">
  <testcase classname="ParsingXMLResponse.ParsingXMLResponse" name="testXMLResponse" time="5.244"/>
  <system-out/>
  <testcase classname="ParsingXMLResponse.ParsingXMLResponse" name="testXMLResponseAssert" time="0.498"/>
  <system-out/>
  <testcase classname="ParsingXMLResponse.ParsingXMLResponse" name="testXMLResponseBody" time="0.473"/>
  <system-out/>
  <testcase classname="ParsingXMLResponse.ParsingXMLResponse" name="testXMLResponseDataValidation" time="0.849"/>
  <system-out/>
</testsuite> <!-- ParsingXMLResponse.ParsingXMLResponse -->
