<?xml version="1.0" encoding="UTF-8"?>
<!-- Generated by org.testng.reporters.JUnitReportReporter -->
<testsuite hostname="DESKTOP-QC3MHCF" failures="0" tests="1" name="JsonSchemaValidation.JsonSchemaValidation" time="1.195" errors="0" timestamp="2024-03-16T21:49:08 BDT" skipped="0">
  <testcase classname="JsonSchemaValidation.JsonSchemaValidation" name="testJsonSchemaValidation" time="1.195"/>
  <system-out/>
</testsuite> <!-- JsonSchemaValidation.JsonSchemaValidation -->
