<?xml version="1.0" encoding="UTF-8"?>
<!-- Generated by org.testng.reporters.JUnitReportReporter -->
<testsuite hostname="DESKTOP-QC3MHCF" failures="0" tests="2" name="HTTPRequests.HTTPRequests" time="7.269" errors="0" timestamp="2024-02-19T23:30:59 BDT" skipped="0">
  <testcase classname="HTTPRequests.HTTPRequests" name="getUsers" time="1.907"/>
  <system-out/>
  <testcase classname="HTTPRequests.HTTPRequests" name="createUser" time="5.362"/>
  <system-out/>
</testsuite> <!-- HTTPRequests.HTTPRequests -->
