<?xml version="1.0" encoding="UTF-8"?>
<!-- Generated by org.testng.reporters.JUnitReportReporter -->
<testsuite hostname="DESKTOP-QC3MHCF" failures="0" tests="2" name="Cookies.Cookies" time="6.052" errors="0" timestamp="2024-02-28T15:01:25 BDT" skipped="0">
  <testcase classname="Cookies.Cookies" name="testCookie" time="5.658"/>
  <system-out/>
  <testcase classname="Cookies.Cookies" name="getCookiesInfo" time="0.394"/>
  <system-out/>
</testsuite> <!-- Cookies.Cookies -->
