<?xml version="1.0" encoding="UTF-8"?>
<!-- Generated by org.testng.reporters.JUnitReportReporter -->
<testsuite hostname="DESKTOP-QC3MHCF" failures="0" tests="2" name="Headers.Headers" time="9.155" errors="0" timestamp="2024-03-01T21:45:14 BDT" skipped="0">
  <testcase classname="Headers.Headers" name="testHeaders" time="8.034"/>
  <system-out/>
  <testcase classname="Headers.Headers" name="getHeaders" time="1.121"/>
  <system-out/>
</testsuite> <!-- Headers.Headers -->
