<?xml version="1.0" encoding="UTF-8"?>
<!-- Generated by org.testng.reporters.JUnitReportReporter -->
<testsuite hostname="DESKTOP-QC3MHCF" failures="0" tests="1" name="Cookies.Cookies" time="3.562" errors="0" timestamp="2024-02-26T21:56:20 BDT" skipped="0">
  <testcase classname="Cookies.Cookies" name="testCookie" time="3.562"/>
  <system-out/>
</testsuite> <!-- Cookies.Cookies -->
