<?xml version="1.0" encoding="UTF-8"?>
<!-- Generated by org.testng.reporters.JUnitReportReporter -->
<testsuite hostname="DESKTOP-QC3MHCF" failures="0" tests="2" name="Headers.HeadersTest" time="10.269" errors="0" timestamp="2024-03-08T23:21:46 BDT" skipped="0">
  <testcase classname="Headers.HeadersTest" name="testHeaders" time="8.079"/>
  <system-out/>
  <testcase classname="Headers.HeadersTest" name="getHeaders" time="2.190"/>
  <system-out/>
</testsuite> <!-- Headers.HeadersTest -->
