<?xml version="1.0" encoding="UTF-8"?>
<!-- Generated by org.testng.reporters.JUnitReportReporter -->
<testsuite hostname="DESKTOP-QC3MHCF" failures="0" tests="1" name="HTTPRequests.HTTPRequests" time="5.091" errors="0" timestamp="2024-02-19T23:01:52 BDT" skipped="0">
  <testcase classname="HTTPRequests.HTTPRequests" name="getUsers" time="5.091"/>
  <system-out/>
</testsuite> <!-- HTTPRequests.HTTPRequests -->
