<?xml version="1.0" encoding="UTF-8"?>
<!-- Generated by org.testng.reporters.JUnitReportReporter -->
<testsuite hostname="DESKTOP-QC3MHCF" failures="0" tests="2" name="WaysToCreatePostRequestBody.WaysToCreatePostRequestBody" time="5.333" errors="0" timestamp="2024-02-23T15:35:50 BDT" skipped="0">
  <testcase classname="WaysToCreatePostRequestBody.WaysToCreatePostRequestBody" name="testPostRequestUsingPOJO" time="5.283"/>
  <system-out/>
  <testcase classname="WaysToCreatePostRequestBody.WaysToCreatePostRequestBody" name="testDelete" time="0.050"/>
  <system-out/>
</testsuite> <!-- WaysToCreatePostRequestBody.WaysToCreatePostRequestBody -->
