<?xml version="1.0" encoding="UTF-8"?>
<!-- Generated by org.testng.reporters.JUnitReportReporter -->
<testsuite hostname="DESKTOP-QC3MHCF" failures="0" tests="2" name="Headers.HeadersTest" time="7.354" errors="0" timestamp="2024-03-01T21:46:31 BDT" skipped="0">
  <testcase classname="Headers.HeadersTest" name="testHeaders" time="6.072"/>
  <system-out/>
  <testcase classname="Headers.HeadersTest" name="getHeaders" time="1.282"/>
  <system-out/>
</testsuite> <!-- Headers.HeadersTest -->
