<?xml version="1.0" encoding="UTF-8"?>
<!-- Generated by org.testng.reporters.JUnitReportReporter -->
<testsuite hostname="DESKTOP-QC3MHCF" failures="0" tests="1" name="ParsingJSONResponseData.ParsingJSONResponseData" time="6.811" errors="0" timestamp="2024-03-12T19:19:55 BDT" skipped="0">
  <testcase classname="ParsingJSONResponseData.ParsingJSONResponseData" name="testJsonResponse" time="6.811"/>
  <system-out/>
</testsuite> <!-- ParsingJSONResponseData.ParsingJSONResponseData -->
